<?xml version="1.0" encoding="UTF-8"?>
<!-- Generated by org.testng.reporters.JUnitXMLReporter -->
<testsuite ignored="0" hostname="DESKTOP-4KM8NIQ" failures="0" tests="3" name="Default test" time="0.038" errors="0" timestamp="2020-09-10T14:06:11 EDT">
  <testcase classname="com.hrms.tdd.TDD" name="knokingDoor" time="0.006"/>
  <testcase classname="com.hrms.tdd.TDD" name="openingDoor" time="0.001"/>
  <testcase classname="com.hrms.tdd.TDD" name="closingDoor" time="0.001"/>
</testsuite> <!-- Default test -->
