<?xml version="1.0" encoding="UTF-8"?>
<testng-results ignored="0" total="3" passed="3" failed="0" skipped="0">
  <reporter-output>
  </reporter-output>
  <suite started-at="2020-09-10T14:06:11 EDT" name="Default suite" finished-at="2020-09-10T14:06:11 EDT" duration-ms="38">
    <groups>
    </groups>
    <test started-at="2020-09-10T14:06:11 EDT" name="Default test" finished-at="2020-09-10T14:06:11 EDT" duration-ms="38">
      <class name="com.hrms.tdd.TDD">
        <test-method signature="knokingDoor()[pri:0, instance:com.hrms.tdd.TDD@48fa0f47]" started-at="2020-09-10T14:06:11 EDT" name="knokingDoor" finished-at="2020-09-10T14:06:11 EDT" duration-ms="6" status="PASS">
          <reporter-output>
          </reporter-output>
        </test-method> <!-- knokingDoor -->
        <test-method signature="openingDoor()[pri:0, instance:com.hrms.tdd.TDD@48fa0f47]" started-at="2020-09-10T14:06:11 EDT" name="openingDoor" finished-at="2020-09-10T14:06:11 EDT" depends-on-methods="com.hrms.tdd.TDD.knokingDoor" duration-ms="1" status="PASS">
          <reporter-output>
          </reporter-output>
        </test-method> <!-- openingDoor -->
        <test-method signature="closingDoor()[pri:0, instance:com.hrms.tdd.TDD@48fa0f47]" started-at="2020-09-10T14:06:11 EDT" name="closingDoor" finished-at="2020-09-10T14:06:11 EDT" depends-on-methods="com.hrms.tdd.TDD.openingDoor" duration-ms="1" status="PASS">
          <reporter-output>
          </reporter-output>
        </test-method> <!-- closingDoor -->
      </class> <!-- com.hrms.tdd.TDD -->
    </test> <!-- Default test -->
  </suite> <!-- Default suite -->
</testng-results>
