<?xml version="1.0" encoding="UTF-8"?>
<!-- Generated by org.testng.reporters.JUnitXMLReporter -->
<testsuite ignored="2" hostname="DESKTOP-4KM8NIQ" failures="0" tests="2" name="Test" time="0.041" errors="0" timestamp="2020-06-05T20:26:56 EDT">
  <testcase classname="com.class03.GroupsDemo" name="test2" time="0.004"/>
  <testcase classname="com.class03.GroupsDemo" name="test4" time="0.001"/>
  <testcase classname="com.class03.GroupsDemo" name="test1" time="0.0">
    <ignored/>
  </testcase> <!-- test1 -->
  <testcase classname="com.class03.GroupsDemo" name="test3" time="0.0">
    <ignored/>
  </testcase> <!-- test3 -->
</testsuite> <!-- Test -->
