<?xml version="1.0" encoding="UTF-8"?>
<!-- Generated by org.testng.reporters.JUnitXMLReporter -->
<testsuite ignored="0" hostname="DESKTOP-4KM8NIQ" failures="1" tests="4" name="Test" time="42.824" errors="0" timestamp="2020-06-06T23:33:57 EDT">
  <testcase classname="test.AddEmployeeTest" name="addEmployeeAdd" time="9.818"/>
  <testcase classname="test.LoginTest" name="emptyUserName" time="0.376"/>
  <testcase classname="test.LoginTest" name="invalidPasswordLogin" time="1.658">
    <failure type="java.lang.AssertionError" message="error message text is not matched expected [Csrf token validation failed] but found [Invalid credentials]">
      <![CDATA[java.lang.AssertionError: error message text is not matched expected [Csrf token validation failed] but found [Invalid credentials]
at test.LoginTest.invalidPasswordLogin(LoginTest.java:55)
at java.base/java.util.ArrayList.forEach(ArrayList.java:1507)
... Removed 31 stack frames]]>
    </failure>
  </testcase> <!-- invalidPasswordLogin -->
  <testcase classname="test.LoginTest" name="validAdminLogin" time="3.581"/>
</testsuite> <!-- Test -->
