<?xml version="1.0" encoding="UTF-8"?>
<!-- Generated by org.testng.reporters.JUnitXMLReporter -->
<testsuite ignored="5" hostname="DESKTOP-4KM8NIQ" failures="1" tests="2" name="Smoke Test" time="13.595" errors="0" timestamp="2020-08-07T13:50:05 EDT">
  <testcase classname="com.hrms.testcases.LoginTest" name="validAdminLogin" time="5.759"/>
  <testcase classname="com.hrms.testcases.LoginTest" name="validAdminLogin" time="13.04">
    <failure type="java.lang.NullPointerException">
      <![CDATA[java.lang.NullPointerException
at com.hrms.testbase.ListenersDemo.onTestSuccess(ListenersDemo.java:32)
at java.base/java.util.ArrayList.forEach(ArrayList.java:1507)
... Removed 24 stack frames]]>
    </failure>
  </testcase> <!-- validAdminLogin -->
  <testcase classname="com.hrms.testbase.BaseClass" name="@BeforeTest generateReport" time="0.0">
    <ignored/>
  </testcase> <!-- @BeforeTest generateReport -->
  <testcase classname="com.hrms.testbase.BaseClass" name="@AfterTest writeReport" time="0.0">
    <ignored/>
  </testcase> <!-- @AfterTest writeReport -->
  <testcase classname="com.hrms.testcases.LoginTest" name="invalidPasswordLogin" time="0.0">
    <ignored/>
  </testcase> <!-- invalidPasswordLogin -->
  <testcase classname="com.hrms.testcases.AddEmployeeTest" name="test" time="0.0">
    <ignored/>
  </testcase> <!-- test -->
  <testcase classname="com.hrms.testcases.LoginTest" name="emptyUserName" time="0.0">
    <ignored/>
  </testcase> <!-- emptyUserName -->
</testsuite> <!-- Smoke Test -->
