<?xml version="1.0" encoding="UTF-8"?>
<!-- Generated by org.testng.reporters.JUnitXMLReporter -->
<testsuite ignored="0" hostname="DESKTOP-4KM8NIQ" failures="1" tests="2" name="Listener Test" time="0.04" errors="0" timestamp="2020-06-06T20:04:59 EDT">
  <testcase classname="com.class04.ListenerDemo" name="test1" time="0.008"/>
  <testcase classname="com.class04.ListenerDemo" name="test2" time="0.002">
    <failure type="java.lang.AssertionError" message="expected [true] but found [false]">
      <![CDATA[java.lang.AssertionError: expected [true] but found [false]
at com.class04.ListenerDemo.test2(ListenerDemo.java:17)
at java.base/java.util.ArrayList.forEach(ArrayList.java:1507)
... Removed 31 stack frames]]>
    </failure>
  </testcase> <!-- test2 -->
</testsuite> <!-- Listener Test -->
