<?xml version="1.0" encoding="UTF-8"?>
<!-- Generated by org.testng.reporters.JUnitXMLReporter -->
<testsuite ignored="3" hostname="DESKTOP-4KM8NIQ" failures="0" tests="1" name="Test" time="8.906" errors="0" timestamp="2020-08-05T10:34:41 EDT">
  <testcase classname="com.hrms.testcases.LoginTest" name="validAdminLogin" time="2.215"/>
  <testcase classname="com.hrms.testcases.LoginTest" name="invalidPasswordLogin" time="0.0">
    <ignored/>
  </testcase> <!-- invalidPasswordLogin -->
  <testcase classname="com.hrms.testcases.AddEmployeeTest" name="test" time="0.0">
    <ignored/>
  </testcase> <!-- test -->
  <testcase classname="com.hrms.testcases.LoginTest" name="emptyUserName" time="0.0">
    <ignored/>
  </testcase> <!-- emptyUserName -->
</testsuite> <!-- Test -->
